{
  "stats": {
    "suites": 2,
    "tests": 2,
    "passes": 2,
    "pending": 0,
    "failures": 0,
    "testsRegistered": 2,
    "passPercent": 100,
    "pendingPercent": 0,
    "other": 0,
    "hasOther": false,
    "skipped": 0,
    "hasSkipped": false,
    "start": "2023-08-21T05:59:57.395Z",
    "end": "2023-08-21T06:01:13.688Z",
    "duration": 76293
  },
  "results": [
    {
      "uuid": "dc00ff9b-a664-4a73-9853-253308aafe33",
      "title": "",
      "fullFile": "cypress\\e2e\\automation-test-store\\add_multipleItemstocart.js",
      "file": "cypress\\e2e\\automation-test-store\\add_multipleItemstocart.js",
      "beforeHooks": [],
      "afterHooks": [],
      "tests": [],
      "suites": [
        {
          "uuid": "6762de3c-0dbd-4136-812b-79710e483acb",
          "title": "Add multiple items to cart",
          "fullFile": "",
          "file": "",
          "beforeHooks": [],
          "afterHooks": [],
          "tests": [
            {
              "title": "Add specific items to basket",
              "fullTitle": "Add multiple items to cart Add specific items to basket",
              "timedOut": null,
              "duration": 23702,
              "state": "passed",
              "speed": "slow",
              "pass": true,
              "fail": false,
              "pending": false,
              "context": null,
              "code": "// data.productName.forEach(function (element) {\n//     cy.addItemstoBasket(element)\n// })\n// cy.get('.dropdown-toggle > .fa').click();\n// from pageobjects\nautostore_haircare_po.addhaircareprodstoCart();",
              "err": {},
              "uuid": "f971d1d3-5ee5-4689-9e40-20130ad3d063",
              "parentUUID": "6762de3c-0dbd-4136-812b-79710e483acb",
              "isHook": false,
              "skipped": false
            }
          ],
          "suites": [],
          "passes": [
            "f971d1d3-5ee5-4689-9e40-20130ad3d063"
          ],
          "failures": [],
          "pending": [],
          "skipped": [],
          "duration": 23702,
          "root": false,
          "rootEmpty": false,
          "_timeout": 2000
        }
      ],
      "passes": [],
      "failures": [],
      "pending": [],
      "skipped": [],
      "duration": 0,
      "root": true,
      "rootEmpty": true,
      "_timeout": 2000
    },
    {
      "uuid": "a5b9fe0a-289a-4c22-b9d6-719525559eb8",
      "title": "",
      "fullFile": "cypress\\e2e\\automation-test-store\\alias-invoke.js",
      "file": "cypress\\e2e\\automation-test-store\\alias-invoke.js",
      "beforeHooks": [],
      "afterHooks": [],
      "tests": [],
      "suites": [
        {
          "uuid": "d7ce4d1c-1423-404a-912e-f1914dc44e07",
          "title": "Alias and invoke",
          "fullFile": "",
          "file": "",
          "beforeHooks": [],
          "afterHooks": [],
          "tests": [
            {
              "title": "Calculate total of non sale and sale products",
              "fullTitle": "Alias and invoke Calculate total of non sale and sale products",
              "timedOut": null,
              "duration": 14734,
              "state": "passed",
              "speed": "slow",
              "pass": true,
              "fail": false,
              "pending": false,
              "context": null,
              "code": "cy.visit(\"https://automationteststore.com/\");\ncy.get(\"div[class='thumbnail']\").as('thumbnail');\n// cy.get('@thumbnail').find('.oneprice').each(($el,index,$list)=>\n// {\n//     cy.log($el.text())\n// })\ncy.get('@thumbnail').find('.oneprice').invoke('text').as('itemPrice');\ncy.get('@thumbnail').find('.pricenew').invoke('text').as('saleItemPrice');\nlet totalitemsprice = 0;\ncy.get('@itemPrice').then($linkText => {\n  let itemPricestotal = 0;\n  let itemprice = $linkText.split('$');\n  for (let i = 1; i < itemprice.length; i++) {\n    cy.log(\"Prices are \" + itemprice[i]);\n    itemPricestotal = itemPricestotal + Number(itemprice[i]);\n  }\n  cy.log(\"TOTAL NON SALE ITEMS PRICE ARE \" + itemPricestotal);\n  totalitemsprice = totalitemsprice + itemPricestotal;\n});\ncy.get('@saleItemPrice').then($linkText => {\n  let saleitemPricestotal = 0;\n  let saleitemprice = $linkText.split('$');\n  for (let i = 1; i < saleitemprice.length; i++) {\n    cy.log(\"Prices are \" + saleitemprice[i]);\n    saleitemPricestotal = saleitemPricestotal + Number(saleitemprice[i]);\n  }\n  cy.log(\"TOTAL SALE ITEMS PRICE ARE \" + saleitemPricestotal);\n  totalitemsprice = totalitemsprice + saleitemPricestotal;\n}).then(() => {\n  cy.log(\"total price of sale and non sale items \" + totalitemsprice);\n  expect(totalitemsprice).to.equal(660.5);\n});",
              "err": {},
              "uuid": "ec7e14de-f489-486f-a310-355934ef9274",
              "parentUUID": "d7ce4d1c-1423-404a-912e-f1914dc44e07",
              "isHook": false,
              "skipped": false
            }
          ],
          "suites": [],
          "passes": [
            "ec7e14de-f489-486f-a310-355934ef9274"
          ],
          "failures": [],
          "pending": [],
          "skipped": [],
          "duration": 14734,
          "root": false,
          "rootEmpty": false,
          "_timeout": 2000
        }
      ],
      "passes": [],
      "failures": [],
      "pending": [],
      "skipped": [],
      "duration": 0,
      "root": true,
      "rootEmpty": true,
      "_timeout": 2000
    }
  ],
  "meta": {
    "mocha": {
      "version": "7.0.1"
    },
    "mochawesome": {
      "options": {
        "quiet": false,
        "reportFilename": "mochawesome",
        "saveHtml": false,
        "saveJson": true,
        "consoleReporter": "spec",
        "useInlineDiffs": false,
        "code": true
      },
      "version": "7.1.3"
    },
    "marge": {
      "options": {
        "id": "default",
        "reportDir": "cypress/results/mochawesome",
        "quite": true,
        "overwrite": false,
        "html": false,
        "json": true
      },
      "version": "6.2.0"
    }
  }
}